#! /c/Source/iverilog-install/bin/vvp
:ivl_version "12.0 (devel)" "(s20150603-1539-g2693dd32b)";
:ivl_delay_selection "TYPICAL";
:vpi_time_precision + 0;
:vpi_module "C:\iverilog\lib\ivl\system.vpi";
:vpi_module "C:\iverilog\lib\ivl\vhdl_sys.vpi";
:vpi_module "C:\iverilog\lib\ivl\vhdl_textio.vpi";
:vpi_module "C:\iverilog\lib\ivl\v2005_math.vpi";
:vpi_module "C:\iverilog\lib\ivl\va_math.vpi";
:vpi_module "C:\iverilog\lib\ivl\v2009.vpi";
S_000002738eaf6b90 .scope package, "$unit" "$unit" 2 1;
 .timescale 0 0;
S_000002738eaf6d20 .scope module, "reg64" "reg64" 3 1;
 .timescale 0 0;
    .port_info 0 /INPUT 1 "clk";
    .port_info 1 /INPUT 1 "rst";
    .port_info 2 /INPUT 1 "we";
    .port_info 3 /INPUT 64 "d";
    .port_info 4 /OUTPUT 64 "q";
o000002738ea16fd8 .functor BUFZ 1, C4<z>; HiZ drive
v000002738eaf70e0_0 .net "clk", 0 0, o000002738ea16fd8;  0 drivers
o000002738ea17008 .functor BUFZ 64, C4<zzzzzzzzzzzzzzzzzzzzzzzzzzzzzzzzzzzzzzzzzzzzzzzzzzzzzzzzzzzzzzzz>; HiZ drive
v000002738eafe6f0_0 .net "d", 63 0, o000002738ea17008;  0 drivers
v000002738eafe790_0 .var "q", 63 0;
o000002738ea17068 .functor BUFZ 1, C4<z>; HiZ drive
v000002738eafe830_0 .net "rst", 0 0, o000002738ea17068;  0 drivers
o000002738ea17098 .functor BUFZ 1, C4<z>; HiZ drive
v000002738eafe8d0_0 .net "we", 0 0, o000002738ea17098;  0 drivers
E_000002738ea14bf0 .event posedge, v000002738eafe830_0, v000002738eaf70e0_0;
    .scope S_000002738eaf6d20;
T_0 ;
    %wait E_000002738ea14bf0;
    %load/vec4 v000002738eafe830_0;
    %flag_set/vec4 8;
    %jmp/0xz  T_0.0, 8;
    %pushi/vec4 0, 0, 64;
    %assign/vec4 v000002738eafe790_0, 0;
    %jmp T_0.1;
T_0.0 ;
    %load/vec4 v000002738eafe8d0_0;
    %flag_set/vec4 8;
    %jmp/0xz  T_0.2, 8;
    %load/vec4 v000002738eafe6f0_0;
    %assign/vec4 v000002738eafe790_0, 0;
T_0.2 ;
T_0.1 ;
    %jmp T_0;
    .thread T_0;
# The file index is used to find the file name in the following table.
:file_names 4;
    "N/A";
    "<interactive>";
    "-";
    "Register_File\source\reg64.v";
